<?xml version="1.0" encoding="UTF-8"?>
<testng-results skipped="0" failed="0" ignored="0" total="1" passed="1">
  <reporter-output>
  </reporter-output>
  <suite name="Suite" duration-ms="5851" started-at="2018-12-07T09:37:17Z" finished-at="2018-12-07T09:37:23Z">
    <groups>
    </groups>
    <test name="Test" duration-ms="5851" started-at="2018-12-07T09:37:17Z" finished-at="2018-12-07T09:37:23Z">
      <class name="NewTest">
        <test-method status="PASS" signature="f()[pri:0, instance:NewTest@614c5515]" name="f" duration-ms="5820" started-at="2018-12-07T09:37:17Z" finished-at="2018-12-07T09:37:23Z">
          <reporter-output>
          </reporter-output>
        </test-method> <!-- f -->
        <test-method status="PASS" signature="fsss()[pri:0, instance:NewTest@614c5515]" name="fsss" is-config="true" duration-ms="0" started-at="2018-12-07T09:37:23Z" finished-at="2018-12-07T09:37:23Z">
          <reporter-output>
          </reporter-output>
        </test-method> <!-- fsss -->
      </class> <!-- NewTest -->
    </test> <!-- Test -->
  </suite> <!-- Suite -->
</testng-results>
