<?xml version="1.0" encoding="UTF-8"?>
<testng-results skipped="0" failed="0" ignored="0" total="2" passed="2">
  <reporter-output>
  </reporter-output>
  <suite name="Default suite" duration-ms="7359" started-at="2018-12-07T08:22:26Z" finished-at="2018-12-07T08:22:34Z">
    <groups>
    </groups>
    <test name="Default test" duration-ms="7359" started-at="2018-12-07T08:22:26Z" finished-at="2018-12-07T08:22:34Z">
      <class name="NewTest">
        <test-method status="PASS" signature="f()[pri:0, instance:NewTest@61832929]" name="f" duration-ms="4537" started-at="2018-12-07T08:22:27Z" finished-at="2018-12-07T08:22:31Z">
          <reporter-output>
          </reporter-output>
        </test-method> <!-- f -->
        <test-method status="PASS" signature="f1()[pri:0, instance:NewTest@61832929]" name="f1" duration-ms="2759" started-at="2018-12-07T08:22:31Z" finished-at="2018-12-07T08:22:34Z">
          <reporter-output>
          </reporter-output>
        </test-method> <!-- f1 -->
        <test-method status="PASS" signature="fsss()[pri:0, instance:NewTest@61832929]" name="fsss" is-config="true" duration-ms="0" started-at="2018-12-07T08:22:34Z" finished-at="2018-12-07T08:22:34Z">
          <reporter-output>
          </reporter-output>
        </test-method> <!-- fsss -->
      </class> <!-- NewTest -->
    </test> <!-- Default test -->
  </suite> <!-- Default suite -->
</testng-results>
